<?xml version="1.0" encoding="UTF-8"?>
<testsuite name="MiniMaxTest" tests="1" skipped="0" failures="0" errors="0" timestamp="2019-07-09T17:17:53" hostname="Charless-MacBook-Pro.local" time="0.022">
  <properties/>
  <testcase name="givenMiniMax_whenCheckWin_thenComputeOptimal" classname="MiniMaxTest" time="0.022"/>
  <system-out><![CDATA[]]></system-out>
  <system-err><![CDATA[]]></system-err>
</testsuite>
